<?xml version="1.0" encoding="UTF-8"?>
<testsuite name="JUnit Jupiter" tests="79" skipped="0" failures="0" errors="0" time="69.813" hostname="MacBook-Pro-de-admin.local" timestamp="2021-05-17T15:33:05">
<properties>
[...]
</properties>
<testcase name="it should fail because command handler does not exist()" classname="com.kotato.context.ecommerce.infrastructure.CqrsCommandBusTest" time="0.108">
<system-out><![CDATA[
unique-id: [engine:junit-jupiter]/[class:com.kotato.context.ecommerce.infrastructure.CqrsCommandBusTest]/[method:it should fail because command handler does not exist()]
display-name: it should fail because command handler does not exist()
]]></system-out>
</testcase>
<testcase name="it should handle a command()" classname="com.kotato.context.ecommerce.infrastructure.CqrsCommandBusTest" time="0.032">
<system-out><![CDATA[
unique-id: [engine:junit-jupiter]/[class:com.kotato.context.ecommerce.infrastructure.CqrsCommandBusTest]/[method:it should handle a command()]
display-name: it should handle a command()
]]></system-out>
</testcase>
<testcase name="it should fail because query handler does not exist()" classname="com.kotato.context.ecommerce.infrastructure.CqrsQueryBusTest" time="0.008">
<system-out><![CDATA[
unique-id: [engine:junit-jupiter]/[class:com.kotato.context.ecommerce.infrastructure.CqrsQueryBusTest]/[method:it should fail because query handler does not exist()]
display-name: it should fail because query handler does not exist()
]]></system-out>
</testcase>
<testcase name="it should handle a query()" classname="com.kotato.context.ecommerce.infrastructure.CqrsQueryBusTest" time="0.023">
<system-out><![CDATA[
unique-id: [engine:junit-jupiter]/[class:com.kotato.context.ecommerce.infrastructure.CqrsQueryBusTest]/[method:it should handle a query()]
display-name: it should handle a query()
]]></system-out>
</testcase>
<testcase name="it should save order view()" classname="com.kotato.context.ecommerce.modules.order.integration.OrderViewRepositoryTest" time="1.075">
<system-out><![CDATA[
unique-id: [engine:junit-jupiter]/[class:com.kotato.context.ecommerce.modules.order.integration.OrderViewRepositoryTest]/[method:it should save order view()]
display-name: it should save order view()
]]></system-out>
</testcase>
<testcase name="it should search order view by paymentId()" classname="com.kotato.context.ecommerce.modules.order.integration.OrderViewRepositoryTest" time="0.244">
<system-out><![CDATA[
unique-id: [engine:junit-jupiter]/[class:com.kotato.context.ecommerce.modules.order.integration.OrderViewRepositoryTest]/[method:it should search order view by paymentId()]
display-name: it should search order view by paymentId()
]]></system-out>
</testcase>
<testcase name="it should search order view by cartId()" classname="com.kotato.context.ecommerce.modules.order.integration.OrderViewRepositoryTest" time="0.276">
<system-out><![CDATA[
unique-id: [engine:junit-jupiter]/[class:com.kotato.context.ecommerce.modules.order.integration.OrderViewRepositoryTest]/[method:it should search order view by cartId()]
display-name: it should search order view by cartId()
]]></system-out>
</testcase>
<testcase name="it should find an order()" classname="com.kotato.context.ecommerce.modules.order.acceptance.FindOrderTest" time="3.719">
<system-out><![CDATA[
unique-id: [engine:junit-jupiter]/[class:com.kotato.context.ecommerce.modules.order.acceptance.FindOrderTest]/[method:it should find an order()]
display-name: it should find an order()
]]></system-out>
</testcase>
<testcase name="it should create an order()" classname="com.kotato.context.ecommerce.modules.order.acceptance.OrderFailedTest" time="0.779">
<system-out><![CDATA[
unique-id: [engine:junit-jupiter]/[class:com.kotato.context.ecommerce.modules.order.acceptance.OrderFailedTest]/[method:it should create an order()]
display-name: it should create an order()
]]></system-out>
</testcase>
<testcase name="it should create an order()" classname="com.kotato.context.ecommerce.modules.order.acceptance.OrderSucceededTest" time="0.734">
<system-out><![CDATA[
unique-id: [engine:junit-jupiter]/[class:com.kotato.context.ecommerce.modules.order.acceptance.OrderSucceededTest]/[method:it should create an order()]
display-name: it should create an order()
]]></system-out>
</testcase>
<testcase name="it should create an order()" classname="com.kotato.context.ecommerce.modules.order.acceptance.CreateOrderTest" time="0.395">
<system-out><![CDATA[
unique-id: [engine:junit-jupiter]/[class:com.kotato.context.ecommerce.modules.order.acceptance.CreateOrderTest]/[method:it should create an order()]
display-name: it should create an order()
]]></system-out>
</testcase>
<testcase name="it should throw exception when trying to find order by payment id()" classname="com.kotato.context.ecommerce.modules.order.behaviour.OrderByPaymentIdFinderTest" time="0.023">
<system-out><![CDATA[
unique-id: [engine:junit-jupiter]/[class:com.kotato.context.ecommerce.modules.order.behaviour.OrderByPaymentIdFinderTest]/[method:it should throw exception when trying to find order by payment id()]
display-name: it should throw exception when trying to find order by payment id()
]]></system-out>
</testcase>
<testcase name="it should find order by payment id()" classname="com.kotato.context.ecommerce.modules.order.behaviour.OrderByPaymentIdFinderTest" time="0.108">
<system-out><![CDATA[
unique-id: [engine:junit-jupiter]/[class:com.kotato.context.ecommerce.modules.order.behaviour.OrderByPaymentIdFinderTest]/[method:it should find order by payment id()]
display-name: it should find order by payment id()
]]></system-out>
</testcase>
<testcase name="it should throw OrderViewByPaymentIdNotFoundException when trying to update order as succeeded()" classname="com.kotato.context.ecommerce.modules.order.behaviour.OrderStatusAsSucceededByPaymentIdUpdaterTest" time="0.31">
<system-out><![CDATA[
unique-id: [engine:junit-jupiter]/[class:com.kotato.context.ecommerce.modules.order.behaviour.OrderStatusAsSucceededByPaymentIdUpdaterTest]/[method:it should throw OrderViewByPaymentIdNotFoundException when trying to update order as succeeded()]
display-name: it should throw OrderViewByPaymentIdNotFoundException when trying to update order as succeeded()
]]></system-out>
</testcase>
<testcase name="it should throw OrderNotFoundException when trying to update order as succeeded()" classname="com.kotato.context.ecommerce.modules.order.behaviour.OrderStatusAsSucceededByPaymentIdUpdaterTest" time="0.148">
<system-out><![CDATA[
unique-id: [engine:junit-jupiter]/[class:com.kotato.context.ecommerce.modules.order.behaviour.OrderStatusAsSucceededByPaymentIdUpdaterTest]/[method:it should throw OrderNotFoundException when trying to update order as succeeded()]
display-name: it should throw OrderNotFoundException when trying to update order as succeeded()
]]></system-out>
</testcase>
<testcase name="it should update an order as succeeded()" classname="com.kotato.context.ecommerce.modules.order.behaviour.OrderStatusAsSucceededByPaymentIdUpdaterTest" time="0.215">
<system-out><![CDATA[
unique-id: [engine:junit-jupiter]/[class:com.kotato.context.ecommerce.modules.order.behaviour.OrderStatusAsSucceededByPaymentIdUpdaterTest]/[method:it should update an order as succeeded()]
display-name: it should update an order as succeeded()
]]></system-out>
</testcase>
<testcase name="it should throw exception when trying to update order view status to succeeded()" classname="com.kotato.context.ecommerce.modules.order.behaviour.OrderViewStatusAsSucceededUpdaterTest" time="0.003">
<system-out><![CDATA[
unique-id: [engine:junit-jupiter]/[class:com.kotato.context.ecommerce.modules.order.behaviour.OrderViewStatusAsSucceededUpdaterTest]/[method:it should throw exception when trying to update order view status to succeeded()]
display-name: it should throw exception when trying to update order view status to succeeded()
]]></system-out>
</testcase>
<testcase name="it should update order view status to succeeded()" classname="com.kotato.context.ecommerce.modules.order.behaviour.OrderViewStatusAsSucceededUpdaterTest" time="0.101">
<system-out><![CDATA[
unique-id: [engine:junit-jupiter]/[class:com.kotato.context.ecommerce.modules.order.behaviour.OrderViewStatusAsSucceededUpdaterTest]/[method:it should update order view status to succeeded()]
display-name: it should update order view status to succeeded()
]]></system-out>
</testcase>
<testcase name="it should create an order()" classname="com.kotato.context.ecommerce.modules.order.behaviour.OrderCreatorTest" time="0.127">
<system-out><![CDATA[
unique-id: [engine:junit-jupiter]/[class:com.kotato.context.ecommerce.modules.order.behaviour.OrderCreatorTest]/[method:it should create an order()]
display-name: it should create an order()
]]></system-out>
</testcase>
<testcase name="it should throw OrderNotFoundException when trying to update order as failed()" classname="com.kotato.context.ecommerce.modules.order.behaviour.OrderStatusAsFailedByPaymentIdUpdaterTest" time="0.21">
<system-out><![CDATA[
unique-id: [engine:junit-jupiter]/[class:com.kotato.context.ecommerce.modules.order.behaviour.OrderStatusAsFailedByPaymentIdUpdaterTest]/[method:it should throw OrderNotFoundException when trying to update order as failed()]
display-name: it should throw OrderNotFoundException when trying to update order as failed()
]]></system-out>
</testcase>
<testcase name="it should update an order as failed()" classname="com.kotato.context.ecommerce.modules.order.behaviour.OrderStatusAsFailedByPaymentIdUpdaterTest" time="0.268">
<system-out><![CDATA[
unique-id: [engine:junit-jupiter]/[class:com.kotato.context.ecommerce.modules.order.behaviour.OrderStatusAsFailedByPaymentIdUpdaterTest]/[method:it should update an order as failed()]
display-name: it should update an order as failed()
]]></system-out>
</testcase>
<testcase name="it should throw OrderViewByPaymentIdNotFoundException when trying to update order as failed()" classname="com.kotato.context.ecommerce.modules.order.behaviour.OrderStatusAsFailedByPaymentIdUpdaterTest" time="0.004">
<system-out><![CDATA[
unique-id: [engine:junit-jupiter]/[class:com.kotato.context.ecommerce.modules.order.behaviour.OrderStatusAsFailedByPaymentIdUpdaterTest]/[method:it should throw OrderViewByPaymentIdNotFoundException when trying to update order as failed()]
display-name: it should throw OrderViewByPaymentIdNotFoundException when trying to update order as failed()
]]></system-out>
</testcase>
<testcase name="it should find an order()" classname="com.kotato.context.ecommerce.modules.order.behaviour.OrderFinderTest" time="0.097">
<system-out><![CDATA[
unique-id: [engine:junit-jupiter]/[class:com.kotato.context.ecommerce.modules.order.behaviour.OrderFinderTest]/[method:it should find an order()]
display-name: it should find an order()
]]></system-out>
</testcase>
<testcase name="it should throw exception when finding an order()" classname="com.kotato.context.ecommerce.modules.order.behaviour.OrderFinderTest" time="0.001">
<system-out><![CDATA[
unique-id: [engine:junit-jupiter]/[class:com.kotato.context.ecommerce.modules.order.behaviour.OrderFinderTest]/[method:it should throw exception when finding an order()]
display-name: it should throw exception when finding an order()
]]></system-out>
</testcase>
<testcase name="it should update order view status to failed()" classname="com.kotato.context.ecommerce.modules.order.behaviour.OrderViewStatusAsFailedUpdaterTest" time="0.102">
<system-out><![CDATA[
unique-id: [engine:junit-jupiter]/[class:com.kotato.context.ecommerce.modules.order.behaviour.OrderViewStatusAsFailedUpdaterTest]/[method:it should update order view status to failed()]
display-name: it should update order view status to failed()
]]></system-out>
</testcase>
<testcase name="it should throw exception when trying to update order view status to failed()" classname="com.kotato.context.ecommerce.modules.order.behaviour.OrderViewStatusAsFailedUpdaterTest" time="0.001">
<system-out><![CDATA[
unique-id: [engine:junit-jupiter]/[class:com.kotato.context.ecommerce.modules.order.behaviour.OrderViewStatusAsFailedUpdaterTest]/[method:it should throw exception when trying to update order view status to failed()]
display-name: it should throw exception when trying to update order view status to failed()
]]></system-out>
</testcase>
<testcase name="it should save order view()" classname="com.kotato.context.ecommerce.modules.payment.integration.PaymentViewRepositoryTest" time="0.056">
<system-out><![CDATA[
unique-id: [engine:junit-jupiter]/[class:com.kotato.context.ecommerce.modules.payment.integration.PaymentViewRepositoryTest]/[method:it should save order view()]
display-name: it should save order view()
]]></system-out>
</testcase>
<testcase name="it should update payment as succeeded()" classname="com.kotato.context.ecommerce.modules.payment.acceptance.PaymentSucceedCallbackControllerTest" time="0.464">
<system-out><![CDATA[
unique-id: [engine:junit-jupiter]/[class:com.kotato.context.ecommerce.modules.payment.acceptance.PaymentSucceedCallbackControllerTest]/[method:it should update payment as succeeded()]
display-name: it should update payment as succeeded()
]]></system-out>
</testcase>
<testcase name="it should throw exception when trying to update payment status()" classname="com.kotato.context.ecommerce.modules.payment.acceptance.PaymentSucceedCallbackControllerTest" time="0.062">
<system-out><![CDATA[
unique-id: [engine:junit-jupiter]/[class:com.kotato.context.ecommerce.modules.payment.acceptance.PaymentSucceedCallbackControllerTest]/[method:it should throw exception when trying to update payment status()]
display-name: it should throw exception when trying to update payment status()
]]></system-out>
</testcase>
<testcase name="it should update payment as failed()" classname="com.kotato.context.ecommerce.modules.payment.acceptance.PaymentFailedCallbackControllerTest" time="0.447">
<system-out><![CDATA[
unique-id: [engine:junit-jupiter]/[class:com.kotato.context.ecommerce.modules.payment.acceptance.PaymentFailedCallbackControllerTest]/[method:it should update payment as failed()]
display-name: it should update payment as failed()
]]></system-out>
</testcase>
<testcase name="it should throw exception when trying to update payment status()" classname="com.kotato.context.ecommerce.modules.payment.acceptance.PaymentFailedCallbackControllerTest" time="0.032">
<system-out><![CDATA[
unique-id: [engine:junit-jupiter]/[class:com.kotato.context.ecommerce.modules.payment.acceptance.PaymentFailedCallbackControllerTest]/[method:it should throw exception when trying to update payment status()]
display-name: it should throw exception when trying to update payment status()
]]></system-out>
</testcase>
<testcase name="it should create an order()" classname="com.kotato.context.ecommerce.modules.payment.acceptance.CreatePaymentTest" time="0.37">
<system-out><![CDATA[
unique-id: [engine:junit-jupiter]/[class:com.kotato.context.ecommerce.modules.payment.acceptance.CreatePaymentTest]/[method:it should create an order()]
display-name: it should create an order()
]]></system-out>
</testcase>
<testcase name="it should update payment as succeeded()" classname="com.kotato.context.ecommerce.modules.payment.behaviour.PaymentViewAsSucceededUpdaterTest" time="0.052">
<system-out><![CDATA[
unique-id: [engine:junit-jupiter]/[class:com.kotato.context.ecommerce.modules.payment.behaviour.PaymentViewAsSucceededUpdaterTest]/[method:it should update payment as succeeded()]
display-name: it should update payment as succeeded()
]]></system-out>
</testcase>
<testcase name="it should throw exception when trying to update payment as succeeded()" classname="com.kotato.context.ecommerce.modules.payment.behaviour.PaymentViewAsSucceededUpdaterTest" time="0.003">
<system-out><![CDATA[
unique-id: [engine:junit-jupiter]/[class:com.kotato.context.ecommerce.modules.payment.behaviour.PaymentViewAsSucceededUpdaterTest]/[method:it should throw exception when trying to update payment as succeeded()]
display-name: it should throw exception when trying to update payment as succeeded()
]]></system-out>
</testcase>
<testcase name="it should update payment as succeeded()" classname="com.kotato.context.ecommerce.modules.payment.behaviour.PaymentAsSucceededUpdaterTest" time="0.047">
<system-out><![CDATA[
unique-id: [engine:junit-jupiter]/[class:com.kotato.context.ecommerce.modules.payment.behaviour.PaymentAsSucceededUpdaterTest]/[method:it should update payment as succeeded()]
display-name: it should update payment as succeeded()
]]></system-out>
</testcase>
<testcase name="it should throw exception when trying to update payment as succeeded()" classname="com.kotato.context.ecommerce.modules.payment.behaviour.PaymentAsSucceededUpdaterTest" time="0.004">
<system-out><![CDATA[
unique-id: [engine:junit-jupiter]/[class:com.kotato.context.ecommerce.modules.payment.behaviour.PaymentAsSucceededUpdaterTest]/[method:it should throw exception when trying to update payment as succeeded()]
display-name: it should throw exception when trying to update payment as succeeded()
]]></system-out>
</testcase>
<testcase name="it should update payment as failed()" classname="com.kotato.context.ecommerce.modules.payment.behaviour.PaymentAsFailedUpdaterTest" time="0.043">
<system-out><![CDATA[
unique-id: [engine:junit-jupiter]/[class:com.kotato.context.ecommerce.modules.payment.behaviour.PaymentAsFailedUpdaterTest]/[method:it should update payment as failed()]
display-name: it should update payment as failed()
]]></system-out>
</testcase>
<testcase name="it should throw exception when trying to update payment as failed()" classname="com.kotato.context.ecommerce.modules.payment.behaviour.PaymentAsFailedUpdaterTest" time="0.007">
<system-out><![CDATA[
unique-id: [engine:junit-jupiter]/[class:com.kotato.context.ecommerce.modules.payment.behaviour.PaymentAsFailedUpdaterTest]/[method:it should throw exception when trying to update payment as failed()]
display-name: it should throw exception when trying to update payment as failed()
]]></system-out>
</testcase>
<testcase name="it should create a payment()" classname="com.kotato.context.ecommerce.modules.payment.behaviour.PaymentCreatorTest" time="0.08">
<system-out><![CDATA[
unique-id: [engine:junit-jupiter]/[class:com.kotato.context.ecommerce.modules.payment.behaviour.PaymentCreatorTest]/[method:it should create a payment()]
display-name: it should create a payment()
]]></system-out>
</testcase>
<testcase name="it should update payment as failed()" classname="com.kotato.context.ecommerce.modules.payment.behaviour.PaymentViewAsFailedUpdaterTest" time="0.037">
<system-out><![CDATA[
unique-id: [engine:junit-jupiter]/[class:com.kotato.context.ecommerce.modules.payment.behaviour.PaymentViewAsFailedUpdaterTest]/[method:it should update payment as failed()]
display-name: it should update payment as failed()
]]></system-out>
</testcase>
<testcase name="it should throw exception when trying to update payment as failed()" classname="com.kotato.context.ecommerce.modules.payment.behaviour.PaymentViewAsFailedUpdaterTest" time="0.001">
<system-out><![CDATA[
unique-id: [engine:junit-jupiter]/[class:com.kotato.context.ecommerce.modules.payment.behaviour.PaymentViewAsFailedUpdaterTest]/[method:it should throw exception when trying to update payment as failed()]
display-name: it should throw exception when trying to update payment as failed()
]]></system-out>
</testcase>
<testcase name="it should save cart view()" classname="com.kotato.context.ecommerce.modules.cart.integration.CartViewRepositoryTest" time="0.076">
<system-out><![CDATA[
unique-id: [engine:junit-jupiter]/[class:com.kotato.context.ecommerce.modules.cart.integration.CartViewRepositoryTest]/[method:it should save cart view()]
display-name: it should save cart view()
]]></system-out>
</testcase>
<testcase name="it should try to checkout cart with no items()" classname="com.kotato.context.ecommerce.modules.cart.acceptance.CheckoutCartControllerTest" time="0.055">
<system-out><![CDATA[
unique-id: [engine:junit-jupiter]/[class:com.kotato.context.ecommerce.modules.cart.acceptance.CheckoutCartControllerTest]/[method:it should try to checkout cart with no items()]
display-name: it should try to checkout cart with no items()
]]></system-out>
</testcase>
<testcase name="it should try to checkout non existent cart()" classname="com.kotato.context.ecommerce.modules.cart.acceptance.CheckoutCartControllerTest" time="0.029">
<system-out><![CDATA[
unique-id: [engine:junit-jupiter]/[class:com.kotato.context.ecommerce.modules.cart.acceptance.CheckoutCartControllerTest]/[method:it should try to checkout non existent cart()]
display-name: it should try to checkout non existent cart()
]]></system-out>
</testcase>
<testcase name="it should checkout cart with items()" classname="com.kotato.context.ecommerce.modules.cart.acceptance.CheckoutCartControllerTest" time="0.158">
<system-out><![CDATA[
unique-id: [engine:junit-jupiter]/[class:com.kotato.context.ecommerce.modules.cart.acceptance.CheckoutCartControllerTest]/[method:it should checkout cart with items()]
display-name: it should checkout cart with items()
]]></system-out>
</testcase>
<testcase name="it should create cart()" classname="com.kotato.context.ecommerce.modules.cart.acceptance.CreateCartControllerTest" time="0.031">
<system-out><![CDATA[
unique-id: [engine:junit-jupiter]/[class:com.kotato.context.ecommerce.modules.cart.acceptance.CreateCartControllerTest]/[method:it should create cart()]
display-name: it should create cart()
]]></system-out>
</testcase>
<testcase name="it should throw exception when trying to subtract a cart item because no item in cart()" classname="com.kotato.context.ecommerce.modules.cart.acceptance.SubtractCartItemControllerTest" time="0.096">
<system-out><![CDATA[
unique-id: [engine:junit-jupiter]/[class:com.kotato.context.ecommerce.modules.cart.acceptance.SubtractCartItemControllerTest]/[method:it should throw exception when trying to subtract a cart item because no item in cart()]
display-name: it should throw exception when trying to subtract a cart item because no item in cart()
]]></system-out>
</testcase>
<testcase name="it should throw exception when trying to subtract a cart item because cart does not exists()" classname="com.kotato.context.ecommerce.modules.cart.acceptance.SubtractCartItemControllerTest" time="0.083">
<system-out><![CDATA[
unique-id: [engine:junit-jupiter]/[class:com.kotato.context.ecommerce.modules.cart.acceptance.SubtractCartItemControllerTest]/[method:it should throw exception when trying to subtract a cart item because cart does not exists()]
display-name: it should throw exception when trying to subtract a cart item because cart does not exists()
]]></system-out>
</testcase>
<testcase name="it should subtract item to cart()" classname="com.kotato.context.ecommerce.modules.cart.acceptance.SubtractCartItemControllerTest" time="0.181">
<system-out><![CDATA[
unique-id: [engine:junit-jupiter]/[class:com.kotato.context.ecommerce.modules.cart.acceptance.SubtractCartItemControllerTest]/[method:it should subtract item to cart()]
display-name: it should subtract item to cart()
]]></system-out>
</testcase>
<testcase name="it should subtract item to cart with same quantity as actual has()" classname="com.kotato.context.ecommerce.modules.cart.acceptance.SubtractCartItemControllerTest" time="0.162">
<system-out><![CDATA[
unique-id: [engine:junit-jupiter]/[class:com.kotato.context.ecommerce.modules.cart.acceptance.SubtractCartItemControllerTest]/[method:it should subtract item to cart with same quantity as actual has()]
display-name: it should subtract item to cart with same quantity as actual has()
]]></system-out>
</testcase>
<testcase name="it should subtract item to cart with more quantity than actual has()" classname="com.kotato.context.ecommerce.modules.cart.acceptance.SubtractCartItemControllerTest" time="0.238">
<system-out><![CDATA[
unique-id: [engine:junit-jupiter]/[class:com.kotato.context.ecommerce.modules.cart.acceptance.SubtractCartItemControllerTest]/[method:it should subtract item to cart with more quantity than actual has()]
display-name: it should subtract item to cart with more quantity than actual has()
]]></system-out>
</testcase>
<testcase name="it should find a cart()" classname="com.kotato.context.ecommerce.modules.cart.acceptance.FindCartTest" time="0.512">
<system-out><![CDATA[
unique-id: [engine:junit-jupiter]/[class:com.kotato.context.ecommerce.modules.cart.acceptance.FindCartTest]/[method:it should find a cart()]
display-name: it should find a cart()
]]></system-out>
</testcase>
<testcase name="it should add item to cart()" classname="com.kotato.context.ecommerce.modules.cart.acceptance.AddCartItemControllerTest" time="0.132">
<system-out><![CDATA[
unique-id: [engine:junit-jupiter]/[class:com.kotato.context.ecommerce.modules.cart.acceptance.AddCartItemControllerTest]/[method:it should add item to cart()]
display-name: it should add item to cart()
]]></system-out>
</testcase>
<testcase name="it should add a cart item on already existing item on cart()" classname="com.kotato.context.ecommerce.modules.cart.acceptance.AddCartItemControllerTest" time="0.145">
<system-out><![CDATA[
unique-id: [engine:junit-jupiter]/[class:com.kotato.context.ecommerce.modules.cart.acceptance.AddCartItemControllerTest]/[method:it should add a cart item on already existing item on cart()]
display-name: it should add a cart item on already existing item on cart()
]]></system-out>
</testcase>
<testcase name="it should throw exception when trying to add a cart item()" classname="com.kotato.context.ecommerce.modules.cart.acceptance.AddCartItemControllerTest" time="0.07">
<system-out><![CDATA[
unique-id: [engine:junit-jupiter]/[class:com.kotato.context.ecommerce.modules.cart.acceptance.AddCartItemControllerTest]/[method:it should throw exception when trying to add a cart item()]
display-name: it should throw exception when trying to add a cart item()
]]></system-out>
</testcase>
<testcase name="it should add a cart item on already existing item on cart with different price()" classname="com.kotato.context.ecommerce.modules.cart.acceptance.AddCartItemControllerTest" time="0.205">
<system-out><![CDATA[
unique-id: [engine:junit-jupiter]/[class:com.kotato.context.ecommerce.modules.cart.acceptance.AddCartItemControllerTest]/[method:it should add a cart item on already existing item on cart with different price()]
display-name: it should add a cart item on already existing item on cart with different price()
]]></system-out>
</testcase>
<testcase name="it should subtract a cart item with quantity greater than amount in cart()" classname="com.kotato.context.ecommerce.modules.cart.behaviour.CartItemSubtractorTest" time="0.027">
<system-out><![CDATA[
unique-id: [engine:junit-jupiter]/[class:com.kotato.context.ecommerce.modules.cart.behaviour.CartItemSubtractorTest]/[method:it should subtract a cart item with quantity greater than amount in cart()]
display-name: it should subtract a cart item with quantity greater than amount in cart()
]]></system-out>
</testcase>
<testcase name="it should subtract a cart item with quantity equal to amount in cart()" classname="com.kotato.context.ecommerce.modules.cart.behaviour.CartItemSubtractorTest" time="0.022">
<system-out><![CDATA[
unique-id: [engine:junit-jupiter]/[class:com.kotato.context.ecommerce.modules.cart.behaviour.CartItemSubtractorTest]/[method:it should subtract a cart item with quantity equal to amount in cart()]
display-name: it should subtract a cart item with quantity equal to amount in cart()
]]></system-out>
</testcase>
<testcase name="it should subtract a cart item()" classname="com.kotato.context.ecommerce.modules.cart.behaviour.CartItemSubtractorTest" time="0.026">
<system-out><![CDATA[
unique-id: [engine:junit-jupiter]/[class:com.kotato.context.ecommerce.modules.cart.behaviour.CartItemSubtractorTest]/[method:it should subtract a cart item()]
display-name: it should subtract a cart item()
]]></system-out>
</testcase>
<testcase name="it should throw exception when trying to subtract a cart item that is not in cart()" classname="com.kotato.context.ecommerce.modules.cart.behaviour.CartItemSubtractorTest" time="0.041">
<system-out><![CDATA[
unique-id: [engine:junit-jupiter]/[class:com.kotato.context.ecommerce.modules.cart.behaviour.CartItemSubtractorTest]/[method:it should throw exception when trying to subtract a cart item that is not in cart()]
display-name: it should throw exception when trying to subtract a cart item that is not in cart()
]]></system-out>
</testcase>
<testcase name="it should throw exception when trying to subtract a cart item()" classname="com.kotato.context.ecommerce.modules.cart.behaviour.CartItemSubtractorTest" time="0.049">
<system-out><![CDATA[
unique-id: [engine:junit-jupiter]/[class:com.kotato.context.ecommerce.modules.cart.behaviour.CartItemSubtractorTest]/[method:it should throw exception when trying to subtract a cart item()]
display-name: it should throw exception when trying to subtract a cart item()
]]></system-out>
</testcase>
<testcase name="it should find cart()" classname="com.kotato.context.ecommerce.modules.cart.behaviour.CartFinderTest" time="0.069">
<system-out><![CDATA[
unique-id: [engine:junit-jupiter]/[class:com.kotato.context.ecommerce.modules.cart.behaviour.CartFinderTest]/[method:it should find cart()]
display-name: it should find cart()
]]></system-out>
</testcase>
<testcase name="it should throw exception when trying to find cart()" classname="com.kotato.context.ecommerce.modules.cart.behaviour.CartFinderTest" time="0.004">
<system-out><![CDATA[
unique-id: [engine:junit-jupiter]/[class:com.kotato.context.ecommerce.modules.cart.behaviour.CartFinderTest]/[method:it should throw exception when trying to find cart()]
display-name: it should throw exception when trying to find cart()
]]></system-out>
</testcase>
<testcase name="it should create a cart()" classname="com.kotato.context.ecommerce.modules.cart.behaviour.CartCreatorTest" time="0.008">
<system-out><![CDATA[
unique-id: [engine:junit-jupiter]/[class:com.kotato.context.ecommerce.modules.cart.behaviour.CartCreatorTest]/[method:it should create a cart()]
display-name: it should create a cart()
]]></system-out>
</testcase>
<testcase name="it should checkout on cart view()" classname="com.kotato.context.ecommerce.modules.cart.behaviour.CartViewCartCheckoutTest" time="0.065">
<system-out><![CDATA[
unique-id: [engine:junit-jupiter]/[class:com.kotato.context.ecommerce.modules.cart.behaviour.CartViewCartCheckoutTest]/[method:it should checkout on cart view()]
display-name: it should checkout on cart view()
]]></system-out>
</testcase>
<testcase name="it should throw exception when adding item on cart view()" classname="com.kotato.context.ecommerce.modules.cart.behaviour.CartViewCartItemSubtractorTest" time="0.045">
<system-out><![CDATA[
unique-id: [engine:junit-jupiter]/[class:com.kotato.context.ecommerce.modules.cart.behaviour.CartViewCartItemSubtractorTest]/[method:it should throw exception when adding item on cart view()]
display-name: it should throw exception when adding item on cart view()
]]></system-out>
</testcase>
<testcase name="it should subtract item on cart view()" classname="com.kotato.context.ecommerce.modules.cart.behaviour.CartViewCartItemSubtractorTest" time="0.062">
<system-out><![CDATA[
unique-id: [engine:junit-jupiter]/[class:com.kotato.context.ecommerce.modules.cart.behaviour.CartViewCartItemSubtractorTest]/[method:it should subtract item on cart view()]
display-name: it should subtract item on cart view()
]]></system-out>
</testcase>
<testcase name="it should subtract item on cart view with same amount as actual has()" classname="com.kotato.context.ecommerce.modules.cart.behaviour.CartViewCartItemSubtractorTest" time="0.044">
<system-out><![CDATA[
unique-id: [engine:junit-jupiter]/[class:com.kotato.context.ecommerce.modules.cart.behaviour.CartViewCartItemSubtractorTest]/[method:it should subtract item on cart view with same amount as actual has()]
display-name: it should subtract item on cart view with same amount as actual has()
]]></system-out>
</testcase>
<testcase name="it should throw exception when try to checkout an empty cart()" classname="com.kotato.context.ecommerce.modules.cart.behaviour.CartCheckoutTest" time="0.005">
<system-out><![CDATA[
unique-id: [engine:junit-jupiter]/[class:com.kotato.context.ecommerce.modules.cart.behaviour.CartCheckoutTest]/[method:it should throw exception when try to checkout an empty cart()]
display-name: it should throw exception when try to checkout an empty cart()
]]></system-out>
</testcase>
<testcase name="it should throw exception when try to checkout a cart checked out()" classname="com.kotato.context.ecommerce.modules.cart.behaviour.CartCheckoutTest" time="0.06">
<system-out><![CDATA[
unique-id: [engine:junit-jupiter]/[class:com.kotato.context.ecommerce.modules.cart.behaviour.CartCheckoutTest]/[method:it should throw exception when try to checkout a cart checked out()]
display-name: it should throw exception when try to checkout a cart checked out()
]]></system-out>
</testcase>
<testcase name="it should throw exception when try to checkout a cart that doesn't exist()" classname="com.kotato.context.ecommerce.modules.cart.behaviour.CartCheckoutTest" time="0.005">
<system-out><![CDATA[
unique-id: [engine:junit-jupiter]/[class:com.kotato.context.ecommerce.modules.cart.behaviour.CartCheckoutTest]/[method:it should throw exception when try to checkout a cart that doesn't exist()]
display-name: it should throw exception when try to checkout a cart that doesn't exist()
]]></system-out>
</testcase>
<testcase name="it should checkout a cart with two items()" classname="com.kotato.context.ecommerce.modules.cart.behaviour.CartCheckoutTest" time="0.099">
<system-out><![CDATA[
unique-id: [engine:junit-jupiter]/[class:com.kotato.context.ecommerce.modules.cart.behaviour.CartCheckoutTest]/[method:it should checkout a cart with two items()]
display-name: it should checkout a cart with two items()
]]></system-out>
</testcase>
<testcase name="it should add item on cart view()" classname="com.kotato.context.ecommerce.modules.cart.behaviour.CartViewCartItemAdderTest" time="0.038">
<system-out><![CDATA[
unique-id: [engine:junit-jupiter]/[class:com.kotato.context.ecommerce.modules.cart.behaviour.CartViewCartItemAdderTest]/[method:it should add item on cart view()]
display-name: it should add item on cart view()
]]></system-out>
</testcase>
<testcase name="it should throw exception when adding item on cart view()" classname="com.kotato.context.ecommerce.modules.cart.behaviour.CartViewCartItemAdderTest" time="0.041">
<system-out><![CDATA[
unique-id: [engine:junit-jupiter]/[class:com.kotato.context.ecommerce.modules.cart.behaviour.CartViewCartItemAdderTest]/[method:it should throw exception when adding item on cart view()]
display-name: it should throw exception when adding item on cart view()
]]></system-out>
</testcase>
<testcase name="it should add item on cart view for existent item in view()" classname="com.kotato.context.ecommerce.modules.cart.behaviour.CartViewCartItemAdderTest" time="0.038">
<system-out><![CDATA[
unique-id: [engine:junit-jupiter]/[class:com.kotato.context.ecommerce.modules.cart.behaviour.CartViewCartItemAdderTest]/[method:it should add item on cart view for existent item in view()]
display-name: it should add item on cart view for existent item in view()
]]></system-out>
</testcase>
<testcase name="it should add a cart item()" classname="com.kotato.context.ecommerce.modules.cart.behaviour.CartItemAdderTest" time="0.043">
<system-out><![CDATA[
unique-id: [engine:junit-jupiter]/[class:com.kotato.context.ecommerce.modules.cart.behaviour.CartItemAdderTest]/[method:it should add a cart item()]
display-name: it should add a cart item()
]]></system-out>
</testcase>
<testcase name="it should add a cart item on already existing item on cart()" classname="com.kotato.context.ecommerce.modules.cart.behaviour.CartItemAdderTest" time="0.069">
<system-out><![CDATA[
unique-id: [engine:junit-jupiter]/[class:com.kotato.context.ecommerce.modules.cart.behaviour.CartItemAdderTest]/[method:it should add a cart item on already existing item on cart()]
display-name: it should add a cart item on already existing item on cart()
]]></system-out>
</testcase>
<testcase name="it should throw exception when trying to add a cart item()" classname="com.kotato.context.ecommerce.modules.cart.behaviour.CartItemAdderTest" time="0.051">
<system-out><![CDATA[
unique-id: [engine:junit-jupiter]/[class:com.kotato.context.ecommerce.modules.cart.behaviour.CartItemAdderTest]/[method:it should throw exception when trying to add a cart item()]
display-name: it should throw exception when trying to add a cart item()
]]></system-out>
</testcase>
<testcase name="it should add a cart item on already existing item on cart with different price()" classname="com.kotato.context.ecommerce.modules.cart.behaviour.CartItemAdderTest" time="0.085">
<system-out><![CDATA[
unique-id: [engine:junit-jupiter]/[class:com.kotato.context.ecommerce.modules.cart.behaviour.CartItemAdderTest]/[method:it should add a cart item on already existing item on cart with different price()]
display-name: it should add a cart item on already existing item on cart with different price()
]]></system-out>
</testcase>
<system-out><![CDATA[
unique-id: [engine:junit-jupiter]
display-name: JUnit Jupiter
]]></system-out>
</testsuite>
